2016-05-23 01:35:09,144 [Worker-2] INFO  o.e.m.c.i.l.LifecycleMappingFactory - Using org.eclipse.m2e.jdt.JarLifecycleMapping lifecycle mapping for MavenProject: WalletHubAssignment:WalletHubAssignment:0.0.1-SNAPSHOT @ F:\test\source\WalletHubAssignment\pom.xml.
2016-05-23 01:35:09,971 [Worker-2] INFO  o.e.m.j.i.AbstractJavaProjectConfigurator - Adding source folder /WalletHubAssignment/src
2016-05-23 01:35:09,972 [Worker-2] INFO  o.e.m.j.i.AbstractJavaProjectConfigurator - Not adding source folder /WalletHubAssignment/src/test/java because it overlaps with /WalletHubAssignment/src
2016-05-23 01:35:10,079 [Worker-2] INFO  o.e.m.c.i.p.ProjectConfigurationManager - Imported and configured 1 project(s) in 3 sec
2016-05-23 01:35:11,687 [Worker-16] WARN  o.e.m.c.i.embedder.EclipseLogger - Using platform encoding (Cp1252 actually) to copy filtered resources, i.e. build is platform dependent!
2016-05-23 01:35:11,696 [Worker-16] INFO  o.e.m.c.i.embedder.EclipseLogger - skip non existing resourceDirectory F:\test\source\WalletHubAssignment\src\main\resources
2016-05-23 01:35:11,700 [Worker-16] WARN  o.e.m.c.i.embedder.EclipseLogger - Using platform encoding (Cp1252 actually) to copy filtered resources, i.e. build is platform dependent!
2016-05-23 01:35:11,701 [Worker-16] INFO  o.e.m.c.i.embedder.EclipseLogger - skip non existing resourceDirectory F:\test\source\WalletHubAssignment\src\test\resources
2016-05-23 01:35:23,498 [Worker-14] WARN  o.e.m.c.i.embedder.EclipseLogger - Using platform encoding (Cp1252 actually) to copy filtered resources, i.e. build is platform dependent!
2016-05-23 01:35:23,499 [Worker-14] INFO  o.e.m.c.i.embedder.EclipseLogger - skip non existing resourceDirectory F:\test\source\WalletHubAssignment\src\main\resources
2016-05-23 01:35:23,502 [Worker-14] WARN  o.e.m.c.i.embedder.EclipseLogger - Using platform encoding (Cp1252 actually) to copy filtered resources, i.e. build is platform dependent!
2016-05-23 01:35:23,503 [Worker-14] INFO  o.e.m.c.i.embedder.EclipseLogger - skip non existing resourceDirectory F:\test\source\WalletHubAssignment\src\test\resources
2016-05-23 01:36:53,482 [Worker-0] WARN  o.e.m.c.i.embedder.EclipseLogger - Using platform encoding (Cp1252 actually) to copy filtered resources, i.e. build is platform dependent!
2016-05-23 01:36:53,484 [Worker-0] INFO  o.e.m.c.i.embedder.EclipseLogger - skip non existing resourceDirectory F:\test\source\WalletHubAssignment\src\main\resources
2016-05-23 01:36:53,486 [Worker-0] WARN  o.e.m.c.i.embedder.EclipseLogger - Using platform encoding (Cp1252 actually) to copy filtered resources, i.e. build is platform dependent!
2016-05-23 01:36:53,487 [Worker-0] INFO  o.e.m.c.i.embedder.EclipseLogger - skip non existing resourceDirectory F:\test\source\WalletHubAssignment\src\test\resources
2016-05-23 01:37:08,515 [Worker-19] WARN  o.e.m.c.i.embedder.EclipseLogger - Using platform encoding (Cp1252 actually) to copy filtered resources, i.e. build is platform dependent!
2016-05-23 01:37:08,517 [Worker-19] INFO  o.e.m.c.i.embedder.EclipseLogger - skip non existing resourceDirectory F:\test\source\WalletHubAssignment\src\main\resources
2016-05-23 01:37:08,521 [Worker-19] WARN  o.e.m.c.i.embedder.EclipseLogger - Using platform encoding (Cp1252 actually) to copy filtered resources, i.e. build is platform dependent!
2016-05-23 01:37:08,522 [Worker-19] INFO  o.e.m.c.i.embedder.EclipseLogger - skip non existing resourceDirectory F:\test\source\WalletHubAssignment\src\test\resources
2016-05-23 01:37:21,064 [Worker-2] WARN  o.e.m.c.i.embedder.EclipseLogger - Using platform encoding (Cp1252 actually) to copy filtered resources, i.e. build is platform dependent!
2016-05-23 01:37:21,066 [Worker-2] INFO  o.e.m.c.i.embedder.EclipseLogger - skip non existing resourceDirectory F:\test\source\WalletHubAssignment\src\main\resources
2016-05-23 01:37:21,068 [Worker-2] WARN  o.e.m.c.i.embedder.EclipseLogger - Using platform encoding (Cp1252 actually) to copy filtered resources, i.e. build is platform dependent!
2016-05-23 01:37:21,069 [Worker-2] INFO  o.e.m.c.i.embedder.EclipseLogger - skip non existing resourceDirectory F:\test\source\WalletHubAssignment\src\test\resources
2016-05-23 01:37:29,378 [Worker-1] WARN  o.e.m.c.i.embedder.EclipseLogger - Using platform encoding (Cp1252 actually) to copy filtered resources, i.e. build is platform dependent!
2016-05-23 01:37:29,379 [Worker-1] INFO  o.e.m.c.i.embedder.EclipseLogger - skip non existing resourceDirectory F:\test\source\WalletHubAssignment\src\main\resources
2016-05-23 01:37:29,381 [Worker-1] WARN  o.e.m.c.i.embedder.EclipseLogger - Using platform encoding (Cp1252 actually) to copy filtered resources, i.e. build is platform dependent!
2016-05-23 01:37:29,382 [Worker-1] INFO  o.e.m.c.i.embedder.EclipseLogger - skip non existing resourceDirectory F:\test\source\WalletHubAssignment\src\test\resources
2016-05-23 01:37:42,463 [Worker-16] WARN  o.e.m.c.i.embedder.EclipseLogger - Using platform encoding (Cp1252 actually) to copy filtered resources, i.e. build is platform dependent!
2016-05-23 01:37:42,464 [Worker-16] INFO  o.e.m.c.i.embedder.EclipseLogger - skip non existing resourceDirectory F:\test\source\WalletHubAssignment\src\main\resources
2016-05-23 01:37:42,467 [Worker-16] WARN  o.e.m.c.i.embedder.EclipseLogger - Using platform encoding (Cp1252 actually) to copy filtered resources, i.e. build is platform dependent!
2016-05-23 01:37:42,468 [Worker-16] INFO  o.e.m.c.i.embedder.EclipseLogger - skip non existing resourceDirectory F:\test\source\WalletHubAssignment\src\test\resources
2016-05-23 01:38:24,471 [Worker-14] WARN  o.e.m.c.i.embedder.EclipseLogger - Using platform encoding (Cp1252 actually) to copy filtered resources, i.e. build is platform dependent!
2016-05-23 01:38:24,472 [Worker-14] INFO  o.e.m.c.i.embedder.EclipseLogger - skip non existing resourceDirectory F:\test\source\WalletHubAssignment\src\main\resources
2016-05-23 01:38:24,476 [Worker-14] WARN  o.e.m.c.i.embedder.EclipseLogger - Using platform encoding (Cp1252 actually) to copy filtered resources, i.e. build is platform dependent!
2016-05-23 01:38:24,478 [Worker-14] INFO  o.e.m.c.i.embedder.EclipseLogger - skip non existing resourceDirectory F:\test\source\WalletHubAssignment\src\test\resources
2016-05-23 01:42:41,029 [Worker-2] WARN  o.e.m.c.i.embedder.EclipseLogger - Using platform encoding (Cp1252 actually) to copy filtered resources, i.e. build is platform dependent!
2016-05-23 01:42:41,031 [Worker-2] INFO  o.e.m.c.i.embedder.EclipseLogger - skip non existing resourceDirectory F:\test\source\WalletHubAssignment\src\main\resources
2016-05-23 01:42:41,035 [Worker-2] WARN  o.e.m.c.i.embedder.EclipseLogger - Using platform encoding (Cp1252 actually) to copy filtered resources, i.e. build is platform dependent!
2016-05-23 01:42:41,036 [Worker-2] INFO  o.e.m.c.i.embedder.EclipseLogger - skip non existing resourceDirectory F:\test\source\WalletHubAssignment\src\test\resources
